13:10:53.005667 IP 192.168.20.1.52848 > 239.255.255.250.1900: UDP, length 275
13:10:55.488203 IP6 fe80::cd4d:7c71:dac1:a96b.dhcpv6-client > ff02::1:2.dhcpv6-server: dhcp6 solicit
13:10:58.001480 IP 192.168.20.1.52848 > 239.255.255.250.1900: UDP, length 275
13:11:03.004286 IP 192.168.20.1.52848 > 239.255.255.250.1900: UDP, length 275
13:11:03.776704 IP 192.168.20.134 > 192.168.20.135: ICMP echo request, id 65044, seq 1, length 64
13:11:03.777045 ARP, Request who-has 192.168.20.134 tell 192.168.20.135, length 46
13:11:03.777262 ARP, Reply 192.168.20.134 is-at 00:0c:29:ce:32:15 (oui Unknown), length 46
13:11:03.777444 IP 192.168.20.135 > 192.168.20.134: ICMP echo reply, id 65044, seq 1, length 64
13:11:04.782605 IP 192.168.20.134 > 192.168.20.135: ICMP echo request, id 65044, seq 2, length 64
13:11:04.783008 IP 192.168.20.135 > 192.168.20.134: ICMP echo reply, id 65044, seq 2, length 64
13:11:05.791587 IP 192.168.20.134 > 192.168.20.135: ICMP echo request, id 65044, seq 3, length 64
13:11:05.792049 IP 192.168.20.135 > 192.168.20.134: ICMP echo reply, id 65044, seq 3, length 64
13:11:06.802288 IP 192.168.20.134 > 192.168.20.135: ICMP echo request, id 65044, seq 4, length 64
13:11:06.802807 IP 192.168.20.135 > 192.168.20.134: ICMP echo reply, id 65044, seq 4, length 64
13:11:08.005035 IP 192.168.20.1.52848 > 239.255.255.250.1900: UDP, length 275
13:11:10.236830 ARP, Request who-has 192.168.20.136 tell 192.168.20.134, length 46
13:11:10.237294 ARP, Reply 192.168.20.136 is-at 00:0c:29:2c:61:4b (oui Unknown), length 46
13:11:10.237587 IP 192.168.20.134 > 192.168.20.136: ICMP echo request, id 21, seq 1, length 64
13:11:10.237881 IP 192.168.20.136 > 192.168.20.134: ICMP echo reply, id 21, seq 1, length 64
13:11:11.245688 IP 192.168.20.134 > 192.168.20.136: ICMP echo request, id 21, seq 2, length 64
13:11:11.246117 IP 192.168.20.136 > 192.168.20.134: ICMP echo reply, id 21, seq 2, length 64
13:11:12.254318 IP 192.168.20.134 > 192.168.20.136: ICMP echo request, id 21, seq 3, length 64
13:11:12.254765 IP 192.168.20.136 > 192.168.20.134: ICMP echo reply, id 21, seq 3, length 64
13:11:13.003538 IP 192.168.20.1.52848 > 239.255.255.250.1900: UDP, length 275
13:11:13.273059 IP 192.168.20.134 > 192.168.20.136: ICMP echo request, id 21, seq 4, length 64
13:11:13.273451 IP 192.168.20.136 > 192.168.20.134: ICMP echo reply, id 21, seq 4, length 64
13:11:15.244606 ARP, Request who-has 192.168.20.134 tell 192.168.20.136, length 46
13:11:15.245353 ARP, Reply 192.168.20.134 is-at 00:0c:29:ce:32:15 (oui Unknown), length 46
13:11:18.001685 IP 192.168.20.1.52848 > 239.255.255.250.1900: UDP, length 275
13:11:22.999794 IP 192.168.20.1.52848 > 239.255.255.250.1900: UDP, length 275
13:11:27.488638 IP6 fe80::cd4d:7c71:dac1:a96b.dhcpv6-client > ff02::1:2.dhcpv6-server: dhcp6 solicit
13:11:28.004997 IP 192.168.20.1.52848 > 239.255.255.250.1900: UDP, length 275
13:11:33.004266 IP 192.168.20.1.52848 > 239.255.255.250.1900: UDP, length 275
13:11:38.002632 IP 192.168.20.1.52848 > 239.255.255.250.1900: UDP, length 275
13:11:41.268431 IP 192.168.20.1.61039 > 239.255.255.250.1900: UDP, length 174
13:11:42.272300 IP 192.168.20.1.61039 > 239.255.255.250.1900: UDP, length 174
13:11:43.003088 IP 192.168.20.1.52848 > 239.255.255.250.1900: UDP, length 275
13:11:43.273127 IP 192.168.20.1.61039 > 239.255.255.250.1900: UDP, length 174
13:11:44.274355 IP 192.168.20.1.61039 > 239.255.255.250.1900: UDP, length 174
13:11:45.561653 ARP, Request who-has 192.168.20.134 (Broadcast) tell 192.168.20.136, length 46
13:11:45.562012 ARP, Reply 192.168.20.134 is-at 00:0c:29:ce:32:15 (oui Unknown), length 46
13:11:45.763949 IP 192.168.20.136.35556 > 192.168.20.2.domain: 16702+ PTR? 134.20.168.192.in-addr.arpa. (45)
13:11:45.776646 IP 192.168.20.2.domain > 192.168.20.136.35556: 16702 NXDomain 0/0/0 (45)
13:11:45.778615 IP 192.168.20.136.43403 > 192.168.20.134.pop3s: Flags [S], seq 2126977001, win 1024, options [mss 1460], length 0
13:11:45.778654 IP 192.168.20.136.43403 > 192.168.20.134.smtp: Flags [S], seq 2126977001, win 1024, options [mss 1460], length 0
13:11:45.778661 IP 192.168.20.136.43403 > 192.168.20.134.smux: Flags [S], seq 2126977001, win 1024, options [mss 1460], length 0
13:11:45.778666 IP 192.168.20.136.43403 > 192.168.20.134.http-alt: Flags [S], seq 2126977001, win 1024, options [mss 1460], length 0
13:11:45.778672 IP 192.168.20.136.43403 > 192.168.20.134.loc-srv: Flags [S], seq 2126977001, win 1024, options [mss 1460], length 0
13:11:45.778679 IP 192.168.20.136.43403 > 192.168.20.134.auth: Flags [S], seq 2126977001, win 1024, options [mss 1460], length 0
13:11:45.778686 IP 192.168.20.136.43403 > 192.168.20.134.imaps: Flags [S], seq 2126977001, win 1024, options [mss 1460], length 0
13:11:45.779017 IP 192.168.20.136.43403 > 192.168.20.134.1720: Flags [S], seq 2126977001, win 1024, options [mss 1460], length 0
13:11:45.779030 IP 192.168.20.136.43403 > 192.168.20.134.ssh: Flags [S], seq 2126977001, win 1024, options [mss 1460], length 0
13:11:45.779034 IP 192.168.20.136.43403 > 192.168.20.134.1723: Flags [S], seq 2126977001, win 1024, options [mss 1460], length 0
13:11:45.779951 IP 192.168.20.134.pop3s > 192.168.20.136.43403: Flags [R.], seq 0, ack 2126977002, win 0, length 0
13:11:45.779964 IP 192.168.20.134.smtp > 192.168.20.136.43403: Flags [S.], seq 3139409572, ack 2126977002, win 5840, options [mss 1460], length 0
13:11:45.780069 IP 192.168.20.134.smux > 192.168.20.136.43403: Flags [R.], seq 0, ack 2126977002, win 0, length 0
13:11:45.780173 IP 192.168.20.134.http-alt > 192.168.20.136.43403: Flags [R.], seq 0, ack 2126977002, win 0, length 0
13:11:45.780518 IP 192.168.20.134.loc-srv > 192.168.20.136.43403: Flags [R.], seq 0, ack 2126977002, win 0, length 0
13:11:45.780666 IP 192.168.20.134.auth > 192.168.20.136.43403: Flags [R.], seq 0, ack 2126977002, win 0, length 0
13:11:45.780717 IP 192.168.20.134.imaps > 192.168.20.136.43403: Flags [R.], seq 0, ack 2126977002, win 0, length 0
13:11:45.780756 IP 192.168.20.134.1720 > 192.168.20.136.43403: Flags [R.], seq 0, ack 2126977002, win 0, length 0
13:11:45.780793 IP 192.168.20.134.ssh > 192.168.20.136.43403: Flags [S.], seq 3142324459, ack 2126977002, win 5840, options [mss 1460], length 0
13:11:45.780829 IP 192.168.20.134.1723 > 192.168.20.136.43403: Flags [R.], seq 0, ack 2126977002, win 0, length 0
13:11:45.781091 IP 192.168.20.136.43403 > 192.168.20.134.ssh: Flags [R], seq 2126977002, win 0, length 0
13:11:45.781152 IP 192.168.20.136.43403 > 192.168.20.134.smtp: Flags [R], seq 2126977002, win 0, length 0
13:11:46.881965 IP 192.168.20.136.43404 > 192.168.20.134.1723: Flags [S], seq 2126911464, win 1024, options [mss 1460], length 0
13:11:46.882451 IP 192.168.20.136.43404 > 192.168.20.134.ssh: Flags [S], seq 2126911464, win 1024, options [mss 1460], length 0
13:11:46.882584 IP 192.168.20.136.43404 > 192.168.20.134.1720: Flags [S], seq 2126911464, win 1024, options [mss 1460], length 0
13:11:46.882692 IP 192.168.20.136.43404 > 192.168.20.134.imaps: Flags [S], seq 2126911464, win 1024, options [mss 1460], length 0
13:11:46.882797 IP 192.168.20.136.43404 > 192.168.20.134.auth: Flags [S], seq 2126911464, win 1024, options [mss 1460], length 0
13:11:46.882908 IP 192.168.20.136.43404 > 192.168.20.134.loc-srv: Flags [S], seq 2126911464, win 1024, options [mss 1460], length 0
13:11:46.883138 IP 192.168.20.136.43404 > 192.168.20.134.http-alt: Flags [S], seq 2126911464, win 1024, options [mss 1460], length 0
13:11:46.883209 IP 192.168.20.136.43404 > 192.168.20.134.smux: Flags [S], seq 2126911464, win 1024, options [mss 1460], length 0
13:11:46.883354 IP 192.168.20.136.43404 > 192.168.20.134.smtp: Flags [S], seq 2126911464, win 1024, options [mss 1460], length 0
13:11:46.883546 IP 192.168.20.136.43403 > 192.168.20.134.imap2: Flags [S], seq 2126977001, win 1024, options [mss 1460], length 0
13:11:46.883690 IP 192.168.20.136.43403 > 192.168.20.134.8888: Flags [S], seq 2126977001, win 1024, options [mss 1460], length 0
13:11:46.883796 IP 192.168.20.136.43403 > 192.168.20.134.pop3: Flags [S], seq 2126977001, win 1024, options [mss 1460], length 0
13:11:46.883905 IP 192.168.20.136.43403 > 192.168.20.134.mysql: Flags [S], seq 2126977001, win 1024, options [mss 1460], length 0
13:11:46.884014 IP 192.168.20.136.43403 > 192.168.20.134.5900: Flags [S], seq 2126977001, win 1024, options [mss 1460], length 0
13:11:46.884123 IP 192.168.20.136.43403 > 192.168.20.134.https: Flags [S], seq 2126977001, win 1024, options [mss 1460], length 0
13:11:46.884186 IP 192.168.20.136.43403 > 192.168.20.134.submission: Flags [S], seq 2126977001, win 1024, options [mss 1460], length 0
13:11:46.884253 IP 192.168.20.136.43403 > 192.168.20.134.1025: Flags [S], seq 2126977001, win 1024, options [mss 1460], length 0
13:11:46.884301 IP 192.168.20.136.43403 > 192.168.20.134.sunrpc: Flags [S], seq 2126977001, win 1024, options [mss 1460], length 0
13:11:46.884343 IP 192.168.20.136.43403 > 192.168.20.134.microsoft-ds: Flags [S], seq 2126977001, win 1024, options [mss 1460], length 0
13:11:46.884384 IP 192.168.20.136.43403 > 192.168.20.134.rtsp: Flags [S], seq 2126977001, win 1024, options [mss 1460], length 0
13:11:46.884440 IP 192.168.20.136.43403 > 192.168.20.134.domain: Flags [S], seq 2126977001, win 1024, options [mss 1460], length 0
13:11:46.884513 IP 192.168.20.134.1723 > 192.168.20.136.43404: Flags [R.], seq 0, ack 2126911465, win 0, length 0
13:11:46.884560 IP 192.168.20.134.ssh > 192.168.20.136.43404: Flags [S.], seq 3160508172, ack 2126911465, win 5840, options [mss 1460], length 0
13:11:46.884646 IP 192.168.20.134.1720 > 192.168.20.136.43404: Flags [R.], seq 0, ack 2126911465, win 0, length 0
13:11:46.884776 IP 192.168.20.134.imaps > 192.168.20.136.43404: Flags [R.], seq 0, ack 2126911465, win 0, length 0
13:11:46.884867 IP 192.168.20.134.auth > 192.168.20.136.43404: Flags [R.], seq 0, ack 2126911465, win 0, length 0
13:11:46.885083 IP 192.168.20.134.loc-srv > 192.168.20.136.43404: Flags [R.], seq 0, ack 2126911465, win 0, length 0
13:11:46.885130 IP 192.168.20.134.http-alt > 192.168.20.136.43404: Flags [R.], seq 0, ack 2126911465, win 0, length 0
13:11:46.885168 IP 192.168.20.134.smux > 192.168.20.136.43404: Flags [R.], seq 0, ack 2126911465, win 0, length 0
13:11:46.885205 IP 192.168.20.134.smtp > 192.168.20.136.43404: Flags [S.], seq 3160729107, ack 2126911465, win 5840, options [mss 1460], length 0
13:11:46.885291 IP 192.168.20.134.imap2 > 192.168.20.136.43403: Flags [R.], seq 0, ack 2126977002, win 0, length 0
13:11:46.885347 IP 192.168.20.134.8888 > 192.168.20.136.43403: Flags [R.], seq 0, ack 2126977002, win 0, length 0
13:11:46.885399 IP 192.168.20.134.pop3 > 192.168.20.136.43403: Flags [R.], seq 0, ack 2126977002, win 0, length 0
13:11:46.885447 IP 192.168.20.134.mysql > 192.168.20.136.43403: Flags [S.], seq 3169649151, ack 2126977002, win 5840, options [mss 1460], length 0
13:11:46.885497 IP 192.168.20.134.5900 > 192.168.20.136.43403: Flags [S.], seq 3168514043, ack 2126977002, win 5840, options [mss 1460], length 0
13:11:46.885534 IP 192.168.20.134.https > 192.168.20.136.43403: Flags [R.], seq 0, ack 2126977002, win 0, length 0
13:11:46.885598 IP 192.168.20.134.submission > 192.168.20.136.43403: Flags [R.], seq 0, ack 2126977002, win 0, length 0
13:11:46.885644 IP 192.168.20.134.1025 > 192.168.20.136.43403: Flags [R.], seq 0, ack 2126977002, win 0, length 0
13:11:46.885681 IP 192.168.20.134.sunrpc > 192.168.20.136.43403: Flags [S.], seq 3165307288, ack 2126977002, win 5840, options [mss 1460], length 0
13:11:46.885718 IP 192.168.20.134.microsoft-ds > 192.168.20.136.43403: Flags [S.], seq 3164494729, ack 2126977002, win 5840, options [mss 1460], length 0
13:11:46.885755 IP 192.168.20.134.rtsp > 192.168.20.136.43403: Flags [R.], seq 0, ack 2126977002, win 0, length 0
13:11:46.885791 IP 192.168.20.134.domain > 192.168.20.136.43403: Flags [S.], seq 3158635268, ack 2126977002, win 5840, options [mss 1460], length 0
13:11:46.885897 IP 192.168.20.136.43404 > 192.168.20.134.ssh: Flags [R], seq 2126911465, win 0, length 0
13:11:46.885983 IP 192.168.20.136.43404 > 192.168.20.134.smtp: Flags [R], seq 2126911465, win 0, length 0
13:11:46.886034 IP 192.168.20.136.43403 > 192.168.20.134.mysql: Flags [R], seq 2126977002, win 0, length 0
13:11:46.886085 IP 192.168.20.136.43403 > 192.168.20.134.5900: Flags [R], seq 2126977002, win 0, length 0
13:11:46.886134 IP 192.168.20.136.43403 > 192.168.20.134.sunrpc: Flags [R], seq 2126977002, win 0, length 0
13:11:46.886183 IP 192.168.20.136.43403 > 192.168.20.134.microsoft-ds: Flags [R], seq 2126977002, win 0, length 0
13:11:46.886231 IP 192.168.20.136.43403 > 192.168.20.134.domain: Flags [R], seq 2126977002, win 0, length 0
13:11:46.889779 IP 192.168.20.136.43403 > 192.168.20.134.ftp: Flags [S], seq 2126977001, win 1024, options [mss 1460], length 0
13:11:46.889960 IP 192.168.20.136.43403 > 192.168.20.134.telnet: Flags [S], seq 2126977001, win 1024, options [mss 1460], length 0
13:11:46.890087 IP 192.168.20.136.43403 > 192.168.20.134.http: Flags [S], seq 2126977001, win 1024, options [mss 1460], length 0
13:11:46.890200 IP 192.168.20.136.43403 > 192.168.20.134.netbios-ssn: Flags [S], seq 2126977001, win 1024, options [mss 1460], length 0
13:11:46.890341 IP 192.168.20.136.43403 > 192.168.20.134.3389: Flags [S], seq 2126977001, win 1024, options [mss 1460], length 0
13:11:46.890467 IP 192.168.20.136.43403 > 192.168.20.134.cisco-sccp: Flags [S], seq 2126977001, win 1024, options [mss 1460], length 0
13:11:46.890587 IP 192.168.20.136.43403 > 192.168.20.134.kshell: Flags [S], seq 2126977001, win 1024, options [mss 1460], length 0
13:11:46.890681 IP 192.168.20.136.43403 > 192.168.20.134.aol: Flags [S], seq 2126977001, win 1024, options [mss 1460], length 0
13:11:46.890776 IP 192.168.20.136.43403 > 192.168.20.134.shell: Flags [S], seq 2126977001, win 1024, options [mss 1460], length 0
13:11:46.890864 IP 192.168.20.136.43403 > 192.168.20.134.7070: Flags [S], seq 2126977001, win 1024, options [mss 1460], length 0
13:11:46.890988 IP 192.168.20.136.43403 > 192.168.20.134.1110: Flags [S], seq 2126977001, win 1024, options [mss 1460], length 0
13:11:46.891109 IP 192.168.20.136.43403 > 192.168.20.134.1027: Flags [S], seq 2126977001, win 1024, options [mss 1460], length 0
13:11:46.891167 IP 192.168.20.136.43403 > 192.168.20.134.nfs: Flags [S], seq 2126977001, win 1024, options [mss 1460], length 0
13:11:46.891283 IP 192.168.20.136.43403 > 192.168.20.134.646: Flags [S], seq 2126977001, win 1024, options [mss 1460], length 0
13:11:46.891413 IP 192.168.20.136.43403 > 192.168.20.134.iprop: Flags [S], seq 2126977001, win 1024, options [mss 1460], length 0
13:11:46.891537 IP 192.168.20.136.43403 > 192.168.20.134.6646: Flags [S], seq 2126977001, win 1024, options [mss 1460], length 0
13:11:46.891601 IP 192.168.20.136.43403 > 192.168.20.134.kerberos: Flags [S], seq 2126977001, win 1024, options [mss 1460], length 0
13:11:46.891651 IP 192.168.20.136.43403 > 192.168.20.134.5357: Flags [S], seq 2126977001, win 1024, options [mss 1460], length 0
13:11:46.891701 IP 192.168.20.136.43403 > 192.168.20.134.1029: Flags [S], seq 2126977001, win 1024, options [mss 1460], length 0
13:11:46.891750 IP 192.168.20.136.43403 > 192.168.20.134.5631: Flags [S], seq 2126977001, win 1024, options [mss 1460], length 0
13:11:46.891798 IP 192.168.20.136.43403 > 192.168.20.134.daytime: Flags [S], seq 2126977001, win 1024, options [mss 1460], length 0
13:11:46.891846 IP 192.168.20.136.43403 > 192.168.20.134.49154: Flags [S], seq 2126977001, win 1024, options [mss 1460], length 0
13:11:46.891894 IP 192.168.20.136.43403 > 192.168.20.134.9999: Flags [S], seq 2126977001, win 1024, options [mss 1460], length 0
13:11:46.891943 IP 192.168.20.136.43403 > 192.168.20.134.rsync: Flags [S], seq 2126977001, win 1024, options [mss 1460], length 0
13:11:46.891991 IP 192.168.20.136.43403 > 192.168.20.134.5000: Flags [S], seq 2126977001, win 1024, options [mss 1460], length 0
13:11:46.892038 IP 192.168.20.136.43403 > 192.168.20.134.ldap: Flags [S], seq 2126977001, win 1024, options [mss 1460], length 0
13:11:46.892085 IP 192.168.20.136.43403 > 192.168.20.134.enbd-cstatd: Flags [S], seq 2126977001, win 1024, options [mss 1460], length 0
13:11:46.892133 IP 192.168.20.136.43403 > 192.168.20.134.8008: Flags [S], seq 2126977001, win 1024, options [mss 1460], length 0
13:11:46.892229 IP 192.168.20.134.ftp > 192.168.20.136.43403: Flags [S.], seq 3158935099, ack 2126977002, win 5840, options [mss 1460], length 0
13:11:46.892282 IP 192.168.20.134.telnet > 192.168.20.136.43403: Flags [S.], seq 3170333899, ack 2126977002, win 5840, options [mss 1460], length 0
13:11:46.892367 IP 192.168.20.134.http > 192.168.20.136.43403: Flags [S.], seq 3164657072, ack 2126977002, win 5840, options [mss 1460], length 0
13:11:46.892491 IP 192.168.20.134.netbios-ssn > 192.168.20.136.43403: Flags [S.], seq 3154695882, ack 2126977002, win 5840, options [mss 1460], length 0
13:11:46.892589 IP 192.168.20.134.3389 > 192.168.20.136.43403: Flags [R.], seq 0, ack 2126977002, win 0, length 0
13:11:46.892681 IP 192.168.20.134.cisco-sccp > 192.168.20.136.43403: Flags [R.], seq 0, ack 2126977002, win 0, length 0
13:11:46.892800 IP 192.168.20.134.kshell > 192.168.20.136.43403: Flags [R.], seq 0, ack 2126977002, win 0, length 0
13:11:46.892888 IP 192.168.20.134.aol > 192.168.20.136.43403: Flags [R.], seq 0, ack 2126977002, win 0, length 0
13:11:46.893008 IP 192.168.20.134.shell > 192.168.20.136.43403: Flags [S.], seq 3156432812, ack 2126977002, win 5840, options [mss 1460], length 0
13:11:46.893104 IP 192.168.20.134.7070 > 192.168.20.136.43403: Flags [R.], seq 0, ack 2126977002, win 0, length 0
13:11:46.893189 IP 192.168.20.134.1110 > 192.168.20.136.43403: Flags [R.], seq 0, ack 2126977002, win 0, length 0
13:11:46.893316 IP 192.168.20.134.1027 > 192.168.20.136.43403: Flags [R.], seq 0, ack 2126977002, win 0, length 0
13:11:46.893400 IP 192.168.20.134.nfs > 192.168.20.136.43403: Flags [S.], seq 3169941702, ack 2126977002, win 5840, options [mss 1460], length 0
13:11:46.893553 IP 192.168.20.134.646 > 192.168.20.136.43403: Flags [R.], seq 0, ack 2126977002, win 0, length 0
13:11:46.893700 IP 192.168.20.134.iprop > 192.168.20.136.43403: Flags [S.], seq 3162242660, ack 2126977002, win 5840, options [mss 1460], length 0
13:11:46.893745 IP 192.168.20.134.6646 > 192.168.20.136.43403: Flags [R.], seq 0, ack 2126977002, win 0, length 0
13:11:46.893786 IP 192.168.20.134.kerberos > 192.168.20.136.43403: Flags [R.], seq 0, ack 2126977002, win 0, length 0
13:11:46.893822 IP 192.168.20.134.5357 > 192.168.20.136.43403: Flags [R.], seq 0, ack 2126977002, win 0, length 0
13:11:46.893860 IP 192.168.20.134.1029 > 192.168.20.136.43403: Flags [R.], seq 0, ack 2126977002, win 0, length 0
13:11:46.893896 IP 192.168.20.134.5631 > 192.168.20.136.43403: Flags [R.], seq 0, ack 2126977002, win 0, length 0
13:11:46.893933 IP 192.168.20.134.daytime > 192.168.20.136.43403: Flags [R.], seq 0, ack 2126977002, win 0, length 0
13:11:46.893970 IP 192.168.20.134.49154 > 192.168.20.136.43403: Flags [R.], seq 0, ack 2126977002, win 0, length 0
13:11:46.894007 IP 192.168.20.134.9999 > 192.168.20.136.43403: Flags [R.], seq 0, ack 2126977002, win 0, length 0
13:11:46.894043 IP 192.168.20.134.rsync > 192.168.20.136.43403: Flags [R.], seq 0, ack 2126977002, win 0, length 0
13:11:46.894085 IP 192.168.20.134.5000 > 192.168.20.136.43403: Flags [R.], seq 0, ack 2126977002, win 0, length 0
13:11:46.894122 IP 192.168.20.134.ldap > 192.168.20.136.43403: Flags [R.], seq 0, ack 2126977002, win 0, length 0
13:11:46.894159 IP 192.168.20.134.enbd-cstatd > 192.168.20.136.43403: Flags [R.], seq 0, ack 2126977002, win 0, length 0
13:11:46.894195 IP 192.168.20.134.8008 > 192.168.20.136.43403: Flags [R.], seq 0, ack 2126977002, win 0, length 0
13:11:46.894268 IP 192.168.20.136.43403 > 192.168.20.134.ftp: Flags [R], seq 2126977002, win 0, length 0
13:11:46.894314 IP 192.168.20.136.43403 > 192.168.20.134.telnet: Flags [R], seq 2126977002, win 0, length 0
13:11:46.894365 IP 192.168.20.136.43403 > 192.168.20.134.http: Flags [R], seq 2126977002, win 0, length 0
13:11:46.894415 IP 192.168.20.136.43403 > 192.168.20.134.netbios-ssn: Flags [R], seq 2126977002, win 0, length 0
13:11:46.894461 IP 192.168.20.136.43403 > 192.168.20.134.shell: Flags [R], seq 2126977002, win 0, length 0
13:11:46.894510 IP 192.168.20.136.43403 > 192.168.20.134.nfs: Flags [R], seq 2126977002, win 0, length 0
13:11:46.894557 IP 192.168.20.136.43403 > 192.168.20.134.iprop: Flags [R], seq 2126977002, win 0, length 0
13:11:46.984070 IP 192.168.20.136.43403 > 192.168.20.134.144: Flags [S], seq 2126977001, win 1024, options [mss 1460], length 0
13:11:46.984464 IP 192.168.20.136.43403 > 192.168.20.134.urd: Flags [S], seq 2126977001, win 1024, options [mss 1460], length 0
13:11:46.984577 IP 192.168.20.134.144 > 192.168.20.136.43403: Flags [R.], seq 0, ack 2126977002, win 0, length 0
13:11:46.984672 IP 192.168.20.136.43403 > 192.168.20.134.webmin: Flags [S], seq 2126977001, win 1024, options [mss 1460], length 0
13:11:46.984765 IP 192.168.20.134.urd > 192.168.20.136.43403: Flags [R.], seq 0, ack 2126977002, win 0, length 0
13:11:46.984854 IP 192.168.20.136.43403 > 192.168.20.134.ms-sql-s: Flags [S], seq 2126977001, win 1024, options [mss 1460], length 0
13:11:46.984949 IP 192.168.20.134.webmin > 192.168.20.136.43403: Flags [R.], seq 0, ack 2126977002, win 0, length 0
13:11:46.985038 IP 192.168.20.136.43403 > 192.168.20.134.klogin: Flags [S], seq 2126977001, win 1024, options [mss 1460], length 0
13:11:46.985133 IP 192.168.20.134.ms-sql-s > 192.168.20.136.43403: Flags [R.], seq 0, ack 2126977002, win 0, length 0
13:11:46.985222 IP 192.168.20.136.43403 > 192.168.20.134.8000: Flags [S], seq 2126977001, win 1024, options [mss 1460], length 0
13:11:46.985384 IP 192.168.20.134.klogin > 192.168.20.136.43403: Flags [R.], seq 0, ack 2126977002, win 0, length 0
13:11:46.985459 IP 192.168.20.136.43403 > 192.168.20.134.time: Flags [S], seq 2126977001, win 1024, options [mss 1460], length 0
13:11:46.985546 IP 192.168.20.136.43403 > 192.168.20.134.3986: Flags [S], seq 2126977001, win 1024, options [mss 1460], length 0
13:11:46.985651 IP 192.168.20.136.43403 > 192.168.20.134.49157: Flags [S], seq 2126977001, win 1024, options [mss 1460], length 0
13:11:46.985709 IP 192.168.20.136.43403 > 192.168.20.134.echo: Flags [S], seq 2126977001, win 1024, options [mss 1460], length 0
13:11:46.985805 IP 192.168.20.136.43403 > 192.168.20.134.bgp: Flags [S], seq 2126977001, win 1024, options [mss 1460], length 0
13:11:46.985861 IP 192.168.20.136.43403 > 192.168.20.134.9100: Flags [S], seq 2126977001, win 1024, options [mss 1460], length 0
13:11:46.985960 IP 192.168.20.136.43403 > 192.168.20.134.radmin-port: Flags [S], seq 2126977001, win 1024, options [mss 1460], length 0
13:11:46.986020 IP 192.168.20.136.43403 > 192.168.20.134.2717: Flags [S], seq 2126977001, win 1024, options [mss 1460], length 0
13:11:46.986117 IP 192.168.20.136.43403 > 192.168.20.134.8443: Flags [S], seq 2126977001, win 1024, options [mss 1460], length 0
13:11:46.986172 IP 192.168.20.136.43403 > 192.168.20.134.49153: Flags [S], seq 2126977001, win 1024, options [mss 1460], length 0
13:11:46.986307 IP 192.168.20.136.43403 > 192.168.20.134.x11: Flags [S], seq 2126977001, win 1024, options [mss 1460], length 0
13:11:46.986523 IP 192.168.20.136.43403 > 192.168.20.134.postgresql: Flags [S], seq 2126977001, win 1024, options [mss 1460], length 0
13:11:46.986593 IP 192.168.20.136.43403 > 192.168.20.134.3128: Flags [S], seq 2126977001, win 1024, options [mss 1460], length 0
13:11:46.986700 IP 192.168.20.136.43403 > 192.168.20.134.49155: Flags [S], seq 2126977001, win 1024, options [mss 1460], length 0
13:11:46.986757 IP 192.168.20.136.43403 > 192.168.20.134.26: Flags [S], seq 2126977001, win 1024, options [mss 1460], length 0
13:11:46.986858 IP 192.168.20.136.43403 > 192.168.20.134.ipp: Flags [S], seq 2126977001, win 1024, options [mss 1460], length 0
13:11:46.986962 IP 192.168.20.136.43403 > 192.168.20.134.nrpe: Flags [S], seq 2126977001, win 1024, options [mss 1460], length 0
13:11:46.987063 IP 192.168.20.136.43403 > 192.168.20.134.nntp: Flags [S], seq 2126977001, win 1024, options [mss 1460], length 0
13:11:46.987118 IP 192.168.20.136.43403 > 192.168.20.134.3000: Flags [S], seq 2126977001, win 1024, options [mss 1460], length 0
13:11:46.987174 IP 192.168.20.136.43403 > 192.168.20.134.login: Flags [S], seq 2126977001, win 1024, options [mss 1460], length 0
13:11:46.987229 IP 192.168.20.136.43403 > 192.168.20.134.1900: Flags [S], seq 2126977001, win 1024, options [mss 1460], length 0
13:11:46.987285 IP 192.168.20.136.43403 > 192.168.20.134.5101: Flags [S], seq 2126977001, win 1024, options [mss 1460], length 0
13:11:46.987382 IP 192.168.20.136.43403 > 192.168.20.134.afpovertcp: Flags [S], seq 2126977001, win 1024, options [mss 1460], length 0
13:11:46.987439 IP 192.168.20.136.43403 > 192.168.20.134.svrloc: Flags [S], seq 2126977001, win 1024, options [mss 1460], length 0
13:11:46.987494 IP 192.168.20.136.43403 > 192.168.20.134.snpp: Flags [S], seq 2126977001, win 1024, options [mss 1460], length 0
13:11:46.987553 IP 192.168.20.136.43403 > 192.168.20.134.1755: Flags [S], seq 2126977001, win 1024, options [mss 1460], length 0
13:11:46.987606 IP 192.168.20.136.43403 > 192.168.20.134.81: Flags [S], seq 2126977001, win 1024, options [mss 1460], length 0
13:11:46.987707 IP 192.168.20.134.8000 > 192.168.20.136.43403: Flags [R.], seq 0, ack 2126977002, win 0, length 0
13:11:46.987766 IP 192.168.20.134.time > 192.168.20.136.43403: Flags [R.], seq 0, ack 2126977002, win 0, length 0
13:11:46.987824 IP 192.168.20.134.3986 > 192.168.20.136.43403: Flags [R.], seq 0, ack 2126977002, win 0, length 0
13:11:46.987924 IP 192.168.20.134.49157 > 192.168.20.136.43403: Flags [R.], seq 0, ack 2126977002, win 0, length 0
13:11:46.987982 IP 192.168.20.134.echo > 192.168.20.136.43403: Flags [R.], seq 0, ack 2126977002, win 0, length 0
13:11:46.988038 IP 192.168.20.134.bgp > 192.168.20.136.43403: Flags [R.], seq 0, ack 2126977002, win 0, length 0
13:11:46.988138 IP 192.168.20.134.9100 > 192.168.20.136.43403: Flags [R.], seq 0, ack 2126977002, win 0, length 0
13:11:46.988197 IP 192.168.20.134.radmin-port > 192.168.20.136.43403: Flags [R.], seq 0, ack 2126977002, win 0, length 0
13:11:46.988298 IP 192.168.20.134.2717 > 192.168.20.136.43403: Flags [R.], seq 0, ack 2126977002, win 0, length 0
13:11:46.988353 IP 192.168.20.134.8443 > 192.168.20.136.43403: Flags [R.], seq 0, ack 2126977002, win 0, length 0
13:11:46.988451 IP 192.168.20.134.49153 > 192.168.20.136.43403: Flags [R.], seq 0, ack 2126977002, win 0, length 0
13:11:46.988507 IP 192.168.20.134.x11 > 192.168.20.136.43403: Flags [S.], seq 3163130100, ack 2126977002, win 5840, options [mss 1460], length 0
13:11:46.988605 IP 192.168.20.134.postgresql > 192.168.20.136.43403: Flags [S.], seq 3158739654, ack 2126977002, win 5840, options [mss 1460], length 0
13:11:46.988664 IP 192.168.20.134.3128 > 192.168.20.136.43403: Flags [R.], seq 0, ack 2126977002, win 0, length 0
13:11:46.988775 IP 192.168.20.134.49155 > 192.168.20.136.43403: Flags [R.], seq 0, ack 2126977002, win 0, length 0
13:11:46.988833 IP 192.168.20.134.26 > 192.168.20.136.43403: Flags [R.], seq 0, ack 2126977002, win 0, length 0
13:11:46.988938 IP 192.168.20.134.ipp > 192.168.20.136.43403: Flags [R.], seq 0, ack 2126977002, win 0, length 0
13:11:46.988994 IP 192.168.20.134.nrpe > 192.168.20.136.43403: Flags [R.], seq 0, ack 2126977002, win 0, length 0
13:11:46.989094 IP 192.168.20.134.nntp > 192.168.20.136.43403: Flags [R.], seq 0, ack 2126977002, win 0, length 0
13:11:46.989151 IP 192.168.20.134.3000 > 192.168.20.136.43403: Flags [R.], seq 0, ack 2126977002, win 0, length 0
13:11:46.989249 IP 192.168.20.134.login > 192.168.20.136.43403: Flags [S.], seq 3167401390, ack 2126977002, win 5840, options [mss 1460], length 0
13:11:46.989306 IP 192.168.20.134.1900 > 192.168.20.136.43403: Flags [R.], seq 0, ack 2126977002, win 0, length 0
13:11:46.989363 IP 192.168.20.134.5101 > 192.168.20.136.43403: Flags [R.], seq 0, ack 2126977002, win 0, length 0
13:11:46.989417 IP 192.168.20.134.afpovertcp > 192.168.20.136.43403: Flags [R.], seq 0, ack 2126977002, win 0, length 0
13:11:46.989458 IP 192.168.20.134.svrloc > 192.168.20.136.43403: Flags [R.], seq 0, ack 2126977002, win 0, length 0
13:11:46.989499 IP 192.168.20.134.snpp > 192.168.20.136.43403: Flags [R.], seq 0, ack 2126977002, win 0, length 0
13:11:46.989540 IP 192.168.20.134.1755 > 192.168.20.136.43403: Flags [R.], seq 0, ack 2126977002, win 0, length 0
13:11:46.989620 IP 192.168.20.136.43403 > 192.168.20.134.x11: Flags [R], seq 2126977002, win 0, length 0
13:11:46.989678 IP 192.168.20.136.43403 > 192.168.20.134.postgresql: Flags [R], seq 2126977002, win 0, length 0
13:11:46.989733 IP 192.168.20.136.43403 > 192.168.20.134.login: Flags [R], seq 2126977002, win 0, length 0
13:11:46.989816 IP 192.168.20.134.81 > 192.168.20.136.43403: Flags [R.], seq 0, ack 2126977002, win 0, length 0
13:11:47.085238 IP 192.168.20.136.43404 > 192.168.20.134.ms-sql-s: Flags [S], seq 2126911464, win 1024, options [mss 1460], length 0
13:11:47.085447 IP 192.168.20.136.43404 > 192.168.20.134.webmin: Flags [S], seq 2126911464, win 1024, options [mss 1460], length 0
13:11:47.085533 IP 192.168.20.136.43404 > 192.168.20.134.urd: Flags [S], seq 2126911464, win 1024, options [mss 1460], length 0
13:11:47.085600 IP 192.168.20.136.43404 > 192.168.20.134.144: Flags [S], seq 2126911464, win 1024, options [mss 1460], length 0
13:11:47.085790 IP 192.168.20.134.ms-sql-s > 192.168.20.136.43404: Flags [R.], seq 0, ack 2126911465, win 0, length 0
13:11:47.085923 IP 192.168.20.134.webmin > 192.168.20.136.43404: Flags [R.], seq 0, ack 2126911465, win 0, length 0
13:11:47.086022 IP 192.168.20.134.urd > 192.168.20.136.43404: Flags [R.], seq 0, ack 2126911465, win 0, length 0
13:11:47.086119 IP 192.168.20.134.144 > 192.168.20.136.43404: Flags [R.], seq 0, ack 2126911465, win 0, length 0
13:11:47.089290 IP 192.168.20.136.43404 > 192.168.20.134.81: Flags [S], seq 2126911464, win 1024, options [mss 1460], length 0
13:11:47.089499 IP 192.168.20.136.43404 > 192.168.20.134.1755: Flags [S], seq 2126911464, win 1024, options [mss 1460], length 0
13:11:47.089811 IP 192.168.20.136.43404 > 192.168.20.134.snpp: Flags [S], seq 2126911464, win 1024, options [mss 1460], length 0
13:11:47.089921 IP 192.168.20.136.43404 > 192.168.20.134.svrloc: Flags [S], seq 2126911464, win 1024, options [mss 1460], length 0
13:11:47.090022 IP 192.168.20.136.43404 > 192.168.20.134.afpovertcp: Flags [S], seq 2126911464, win 1024, options [mss 1460], length 0
13:11:47.090159 IP 192.168.20.136.43404 > 192.168.20.134.5101: Flags [S], seq 2126911464, win 1024, options [mss 1460], length 0
13:11:47.090259 IP 192.168.20.136.43404 > 192.168.20.134.1900: Flags [S], seq 2126911464, win 1024, options [mss 1460], length 0
13:11:47.090366 IP 192.168.20.136.43404 > 192.168.20.134.login: Flags [S], seq 2126911464, win 1024, options [mss 1460], length 0
13:11:47.090468 IP 192.168.20.136.43404 > 192.168.20.134.3000: Flags [S], seq 2126911464, win 1024, options [mss 1460], length 0
13:11:47.090573 IP 192.168.20.136.43404 > 192.168.20.134.nntp: Flags [S], seq 2126911464, win 1024, options [mss 1460], length 0
13:11:47.090672 IP 192.168.20.136.43404 > 192.168.20.134.nrpe: Flags [S], seq 2126911464, win 1024, options [mss 1460], length 0
13:11:47.090777 IP 192.168.20.136.43404 > 192.168.20.134.ipp: Flags [S], seq 2126911464, win 1024, options [mss 1460], length 0
13:11:47.090883 IP 192.168.20.136.43404 > 192.168.20.134.26: Flags [S], seq 2126911464, win 1024, options [mss 1460], length 0
13:11:47.090986 IP 192.168.20.136.43404 > 192.168.20.134.49155: Flags [S], seq 2126911464, win 1024, options [mss 1460], length 0
13:11:47.091081 IP 192.168.20.136.43404 > 192.168.20.134.3128: Flags [S], seq 2126911464, win 1024, options [mss 1460], length 0
13:11:47.091180 IP 192.168.20.136.43404 > 192.168.20.134.postgresql: Flags [S], seq 2126911464, win 1024, options [mss 1460], length 0
13:11:47.091326 IP 192.168.20.136.43404 > 192.168.20.134.x11: Flags [S], seq 2126911464, win 1024, options [mss 1460], length 0
13:11:47.091428 IP 192.168.20.136.43404 > 192.168.20.134.49153: Flags [S], seq 2126911464, win 1024, options [mss 1460], length 0
13:11:47.091492 IP 192.168.20.136.43404 > 192.168.20.134.8443: Flags [S], seq 2126911464, win 1024, options [mss 1460], length 0
13:11:47.091586 IP 192.168.20.136.43404 > 192.168.20.134.2717: Flags [S], seq 2126911464, win 1024, options [mss 1460], length 0
13:11:47.091644 IP 192.168.20.136.43404 > 192.168.20.134.radmin-port: Flags [S], seq 2126911464, win 1024, options [mss 1460], length 0
13:11:47.091700 IP 192.168.20.136.43404 > 192.168.20.134.9100: Flags [S], seq 2126911464, win 1024, options [mss 1460], length 0
13:11:47.091753 IP 192.168.20.136.43404 > 192.168.20.134.bgp: Flags [S], seq 2126911464, win 1024, options [mss 1460], length 0
13:11:47.091808 IP 192.168.20.136.43404 > 192.168.20.134.echo: Flags [S], seq 2126911464, win 1024, options [mss 1460], length 0
13:11:47.091863 IP 192.168.20.136.43404 > 192.168.20.134.49157: Flags [S], seq 2126911464, win 1024, options [mss 1460], length 0
13:11:47.091916 IP 192.168.20.136.43404 > 192.168.20.134.3986: Flags [S], seq 2126911464, win 1024, options [mss 1460], length 0
13:11:47.091970 IP 192.168.20.136.43404 > 192.168.20.134.time: Flags [S], seq 2126911464, win 1024, options [mss 1460], length 0
13:11:47.092023 IP 192.168.20.136.43404 > 192.168.20.134.8000: Flags [S], seq 2126911464, win 1024, options [mss 1460], length 0
13:11:47.092078 IP 192.168.20.136.43404 > 192.168.20.134.klogin: Flags [S], seq 2126911464, win 1024, options [mss 1460], length 0
13:11:47.092185 IP 192.168.20.134.81 > 192.168.20.136.43404: Flags [R.], seq 0, ack 2126911465, win 0, length 0
13:11:47.092245 IP 192.168.20.134.1755 > 192.168.20.136.43404: Flags [R.], seq 0, ack 2126911465, win 0, length 0
13:11:47.092341 IP 192.168.20.134.snpp > 192.168.20.136.43404: Flags [R.], seq 0, ack 2126911465, win 0, length 0
13:11:47.092480 IP 192.168.20.134.svrloc > 192.168.20.136.43404: Flags [R.], seq 0, ack 2126911465, win 0, length 0
13:11:47.092538 IP 192.168.20.134.afpovertcp > 192.168.20.136.43404: Flags [R.], seq 0, ack 2126911465, win 0, length 0
13:11:47.092673 IP 192.168.20.134.5101 > 192.168.20.136.43404: Flags [R.], seq 0, ack 2126911465, win 0, length 0
13:11:47.092769 IP 192.168.20.134.1900 > 192.168.20.136.43404: Flags [R.], seq 0, ack 2126911465, win 0, length 0
13:11:47.092905 IP 192.168.20.134.login > 192.168.20.136.43404: Flags [S.], seq 3160402136, ack 2126911465, win 5840, options [mss 1460], length 0
13:11:47.093005 IP 192.168.20.134.3000 > 192.168.20.136.43404: Flags [R.], seq 0, ack 2126911465, win 0, length 0
13:11:47.093139 IP 192.168.20.134.nntp > 192.168.20.136.43404: Flags [R.], seq 0, ack 2126911465, win 0, length 0
13:11:47.093242 IP 192.168.20.134.nrpe > 192.168.20.136.43404: Flags [R.], seq 0, ack 2126911465, win 0, length 0
13:11:47.093338 IP 192.168.20.134.ipp > 192.168.20.136.43404: Flags [R.], seq 0, ack 2126911465, win 0, length 0
13:11:47.093387 IP 192.168.20.134.26 > 192.168.20.136.43404: Flags [R.], seq 0, ack 2126911465, win 0, length 0
13:11:47.093442 IP 192.168.20.134.49155 > 192.168.20.136.43404: Flags [R.], seq 0, ack 2126911465, win 0, length 0
13:11:47.093478 IP 192.168.20.134.3128 > 192.168.20.136.43404: Flags [R.], seq 0, ack 2126911465, win 0, length 0
13:11:47.093514 IP 192.168.20.134.postgresql > 192.168.20.136.43404: Flags [S.], seq 3164742358, ack 2126911465, win 5840, options [mss 1460], length 0
13:11:47.093555 IP 192.168.20.134.x11 > 192.168.20.136.43404: Flags [S.], seq 3172324642, ack 2126911465, win 5840, options [mss 1460], length 0
13:11:47.093592 IP 192.168.20.134.49153 > 192.168.20.136.43404: Flags [R.], seq 0, ack 2126911465, win 0, length 0
13:11:47.093633 IP 192.168.20.134.8443 > 192.168.20.136.43404: Flags [R.], seq 0, ack 2126911465, win 0, length 0
13:11:47.093670 IP 192.168.20.134.2717 > 192.168.20.136.43404: Flags [R.], seq 0, ack 2126911465, win 0, length 0
13:11:47.093711 IP 192.168.20.134.radmin-port > 192.168.20.136.43404: Flags [R.], seq 0, ack 2126911465, win 0, length 0
13:11:47.093748 IP 192.168.20.134.9100 > 192.168.20.136.43404: Flags [R.], seq 0, ack 2126911465, win 0, length 0
13:11:47.093785 IP 192.168.20.134.bgp > 192.168.20.136.43404: Flags [R.], seq 0, ack 2126911465, win 0, length 0
13:11:47.093821 IP 192.168.20.134.echo > 192.168.20.136.43404: Flags [R.], seq 0, ack 2126911465, win 0, length 0
13:11:47.093858 IP 192.168.20.134.49157 > 192.168.20.136.43404: Flags [R.], seq 0, ack 2126911465, win 0, length 0
13:11:47.093894 IP 192.168.20.134.3986 > 192.168.20.136.43404: Flags [R.], seq 0, ack 2126911465, win 0, length 0
13:11:47.093931 IP 192.168.20.134.time > 192.168.20.136.43404: Flags [R.], seq 0, ack 2126911465, win 0, length 0
13:11:47.093968 IP 192.168.20.134.8000 > 192.168.20.136.43404: Flags [R.], seq 0, ack 2126911465, win 0, length 0
13:11:47.094005 IP 192.168.20.134.klogin > 192.168.20.136.43404: Flags [R.], seq 0, ack 2126911465, win 0, length 0
13:11:47.094077 IP 192.168.20.136.43404 > 192.168.20.134.login: Flags [R], seq 2126911465, win 0, length 0
13:11:47.094124 IP 192.168.20.136.43404 > 192.168.20.134.postgresql: Flags [R], seq 2126911465, win 0, length 0
13:11:47.094173 IP 192.168.20.136.43404 > 192.168.20.134.x11: Flags [R], seq 2126911465, win 0, length 0
13:11:47.187194 IP 192.168.20.136.43403 > 192.168.20.134.1026: Flags [S], seq 2126977001, win 1024, options [mss 1460], length 0
13:11:47.187667 IP 192.168.20.134.1026 > 192.168.20.136.43403: Flags [R.], seq 0, ack 2126977002, win 0, length 0
13:11:47.194718 IP 192.168.20.136.43403 > 192.168.20.134.5009: Flags [S], seq 2126977001, win 1024, options [mss 1460], length 0
13:11:47.195167 IP 192.168.20.134.5009 > 192.168.20.136.43403: Flags [R.], seq 0, ack 2126977002, win 0, length 0
13:11:47.202489 IP 192.168.20.136.43403 > 192.168.20.134.tproxy: Flags [S], seq 2126977001, win 1024, options [mss 1460], length 0
13:11:47.202927 IP 192.168.20.134.tproxy > 192.168.20.136.43403: Flags [R.], seq 0, ack 2126977002, win 0, length 0
13:11:47.210339 IP 192.168.20.136.43403 > 192.168.20.134.2001: Flags [S], seq 2126977001, win 1024, options [mss 1460], length 0
13:11:47.210787 IP 192.168.20.134.2001 > 192.168.20.136.43403: Flags [R.], seq 0, ack 2126977002, win 0, length 0
13:11:47.218099 IP 192.168.20.136.43403 > 192.168.20.134.discard: Flags [S], seq 2126977001, win 1024, options [mss 1460], length 0
13:11:47.218550 IP 192.168.20.134.discard > 192.168.20.136.43403: Flags [R.], seq 0, ack 2126977002, win 0, length 0
13:11:47.226008 IP 192.168.20.136.43403 > 192.168.20.134.ftps: Flags [S], seq 2126977001, win 1024, options [mss 1460], length 0
13:11:47.226478 IP 192.168.20.134.ftps > 192.168.20.136.43403: Flags [R.], seq 0, ack 2126977002, win 0, length 0
13:11:47.233729 IP 192.168.20.136.43403 > 192.168.20.134.printer: Flags [S], seq 2126977001, win 1024, options [mss 1460], length 0
13:11:47.234180 IP 192.168.20.134.printer > 192.168.20.136.43403: Flags [R.], seq 0, ack 2126977002, win 0, length 0
13:11:47.241596 IP 192.168.20.136.43403 > 192.168.20.134.sip: Flags [S], seq 2126977001, win 1024, options [mss 1460], length 0
13:11:47.242046 IP 192.168.20.134.sip > 192.168.20.136.43403: Flags [R.], seq 0, ack 2126977002, win 0, length 0
13:11:47.249368 IP 192.168.20.136.43403 > 192.168.20.134.32768: Flags [S], seq 2126977001, win 1024, options [mss 1460], length 0
13:11:47.249816 IP 192.168.20.134.32768 > 192.168.20.136.43403: Flags [R.], seq 0, ack 2126977002, win 0, length 0
13:11:47.257254 IP 192.168.20.136.43403 > 192.168.20.134.5800: Flags [S], seq 2126977001, win 1024, options [mss 1460], length 0
13:11:47.257709 IP 192.168.20.134.5800 > 192.168.20.136.43403: Flags [R.], seq 0, ack 2126977002, win 0, length 0
13:11:47.265820 IP 192.168.20.136.43403 > 192.168.20.134.8009: Flags [S], seq 2126977001, win 1024, options [mss 1460], length 0
13:11:47.266198 IP 192.168.20.134.8009 > 192.168.20.136.43403: Flags [S.], seq 3167273227, ack 2126977002, win 5840, options [mss 1460], length 0
13:11:47.268852 IP 192.168.20.136.43403 > 192.168.20.134.8009: Flags [R], seq 2126977002, win 0, length 0
13:11:47.272835 IP 192.168.20.136.43403 > 192.168.20.134.49152: Flags [S], seq 2126977001, win 1024, options [mss 1460], length 0
13:11:47.273286 IP 192.168.20.134.49152 > 192.168.20.136.43403: Flags [R.], seq 0, ack 2126977002, win 0, length 0
13:11:47.280648 IP 192.168.20.136.43403 > 192.168.20.134.1028: Flags [S], seq 2126977001, win 1024, options [mss 1460], length 0
13:11:47.281048 IP 192.168.20.134.1028 > 192.168.20.136.43403: Flags [R.], seq 0, ack 2126977002, win 0, length 0
13:11:47.288541 IP 192.168.20.136.43404 > 192.168.20.134.1026: Flags [S], seq 2126911464, win 1024, options [mss 1460], length 0
13:11:47.289022 IP 192.168.20.134.1026 > 192.168.20.136.43404: Flags [R.], seq 0, ack 2126911465, win 0, length 0
13:11:47.296334 IP 192.168.20.136.43404 > 192.168.20.134.5009: Flags [S], seq 2126911464, win 1024, options [mss 1460], length 0
13:11:47.296779 IP 192.168.20.134.5009 > 192.168.20.136.43404: Flags [R.], seq 0, ack 2126911465, win 0, length 0
13:11:47.304098 IP 192.168.20.136.43404 > 192.168.20.134.tproxy: Flags [S], seq 2126911464, win 1024, options [mss 1460], length 0
13:11:47.304563 IP 192.168.20.134.tproxy > 192.168.20.136.43404: Flags [R.], seq 0, ack 2126911465, win 0, length 0
13:11:47.311997 IP 192.168.20.136.43404 > 192.168.20.134.2001: Flags [S], seq 2126911464, win 1024, options [mss 1460], length 0
13:11:47.312482 IP 192.168.20.134.2001 > 192.168.20.136.43404: Flags [R.], seq 0, ack 2126911465, win 0, length 0
13:11:47.319891 IP 192.168.20.136.43404 > 192.168.20.134.discard: Flags [S], seq 2126911464, win 1024, options [mss 1460], length 0
13:11:47.320344 IP 192.168.20.134.discard > 192.168.20.136.43404: Flags [R.], seq 0, ack 2126911465, win 0, length 0
13:11:47.327542 IP 192.168.20.136.43404 > 192.168.20.134.ftps: Flags [S], seq 2126911464, win 1024, options [mss 1460], length 0
13:11:47.327914 IP 192.168.20.134.ftps > 192.168.20.136.43404: Flags [R.], seq 0, ack 2126911465, win 0, length 0
13:11:47.335378 IP 192.168.20.136.43404 > 192.168.20.134.printer: Flags [S], seq 2126911464, win 1024, options [mss 1460], length 0
13:11:47.335855 IP 192.168.20.134.printer > 192.168.20.136.43404: Flags [R.], seq 0, ack 2126911465, win 0, length 0
13:11:47.343389 IP 192.168.20.136.43404 > 192.168.20.134.sip: Flags [S], seq 2126911464, win 1024, options [mss 1460], length 0
13:11:47.343806 IP 192.168.20.134.sip > 192.168.20.136.43404: Flags [R.], seq 0, ack 2126911465, win 0, length 0
13:11:47.351043 IP 192.168.20.136.43404 > 192.168.20.134.32768: Flags [S], seq 2126911464, win 1024, options [mss 1460], length 0
13:11:47.351453 IP 192.168.20.134.32768 > 192.168.20.136.43404: Flags [R.], seq 0, ack 2126911465, win 0, length 0
13:11:47.358764 IP 192.168.20.136.43404 > 192.168.20.134.5800: Flags [S], seq 2126911464, win 1024, options [mss 1460], length 0
13:11:47.359398 IP 192.168.20.134.5800 > 192.168.20.136.43404: Flags [R.], seq 0, ack 2126911465, win 0, length 0
13:11:47.366809 IP 192.168.20.136.43404 > 192.168.20.134.8009: Flags [S], seq 2126911464, win 1024, options [mss 1460], length 0
13:11:47.367041 IP 192.168.20.134.8009 > 192.168.20.136.43404: Flags [S.], seq 3165478996, ack 2126911465, win 5840, options [mss 1460], length 0
13:11:47.367552 IP 192.168.20.136.43404 > 192.168.20.134.8009: Flags [R], seq 2126911465, win 0, length 0
13:11:47.374257 IP 192.168.20.136.43404 > 192.168.20.134.49152: Flags [S], seq 2126911464, win 1024, options [mss 1460], length 0
13:11:47.374492 IP 192.168.20.134.49152 > 192.168.20.136.43404: Flags [R.], seq 0, ack 2126911465, win 0, length 0
13:11:47.386793 IP 192.168.20.136.43403 > 192.168.20.134.poppassd: Flags [S], seq 2126977001, win 1024, options [mss 1460], length 0
13:11:47.387014 IP 192.168.20.134.poppassd > 192.168.20.136.43403: Flags [R.], seq 0, ack 2126977002, win 0, length 0
13:11:47.397938 IP 192.168.20.136.43403 > 192.168.20.134.finger: Flags [S], seq 2126977001, win 1024, options [mss 1460], length 0
13:11:47.398182 IP 192.168.20.134.finger > 192.168.20.136.43403: Flags [R.], seq 0, ack 2126977002, win 0, length 0
13:11:47.409514 IP 192.168.20.136.43403 > 192.168.20.134.x11-1: Flags [S], seq 2126977001, win 1024, options [mss 1460], length 0
13:11:47.409731 IP 192.168.20.134.x11-1 > 192.168.20.136.43403: Flags [R.], seq 0, ack 2126977002, win 0, length 0
13:11:47.421480 IP 192.168.20.136.43403 > 192.168.20.134.49156: Flags [S], seq 2126977001, win 1024, options [mss 1460], length 0
13:11:47.421948 IP 192.168.20.134.49156 > 192.168.20.136.43403: Flags [R.], seq 0, ack 2126977002, win 0, length 0
13:11:47.487853 IP 192.168.20.136.43404 > 192.168.20.134.poppassd: Flags [S], seq 2126911464, win 1024, options [mss 1460], length 0
13:11:47.488307 IP 192.168.20.134.poppassd > 192.168.20.136.43404: Flags [R.], seq 0, ack 2126911465, win 0, length 0
13:11:47.499456 IP 192.168.20.136.43404 > 192.168.20.134.finger: Flags [S], seq 2126911464, win 1024, options [mss 1460], length 0
13:11:47.499829 IP 192.168.20.134.finger > 192.168.20.136.43404: Flags [R.], seq 0, ack 2126911465, win 0, length 0
13:11:47.511339 IP 192.168.20.136.43404 > 192.168.20.134.x11-1: Flags [S], seq 2126911464, win 1024, options [mss 1460], length 0
13:11:47.511786 IP 192.168.20.134.x11-1 > 192.168.20.136.43404: Flags [R.], seq 0, ack 2126911465, win 0, length 0
13:11:47.523194 IP 192.168.20.136.43404 > 192.168.20.134.49156: Flags [S], seq 2126911464, win 1024, options [mss 1460], length 0
13:11:47.523667 IP 192.168.20.134.49156 > 192.168.20.136.43404: Flags [R.], seq 0, ack 2126911465, win 0, length 0
13:11:48.003861 IP 192.168.20.1.52848 > 239.255.255.250.1900: UDP, length 275
13:11:50.781412 ARP, Request who-has 192.168.20.2 tell 192.168.20.136, length 46
13:11:50.782084 ARP, Reply 192.168.20.2 is-at 00:50:56:fa:f0:65 (oui Unknown), length 46
13:11:50.825779 ARP, Request who-has 192.168.20.136 tell 192.168.20.134, length 46
13:11:50.826290 ARP, Reply 192.168.20.136 is-at 00:0c:29:2c:61:4b (oui Unknown), length 46
13:11:53.005861 IP 192.168.20.1.52848 > 239.255.255.250.1900: UDP, length 275
13:11:58.001571 IP 192.168.20.1.52848 > 239.255.255.250.1900: UDP, length 275
13:11:58.524078 IP 192.168.20.134 > 192.168.20.135: ICMP echo request, id 277, seq 1, length 64
13:11:58.524395 IP 192.168.20.135 > 192.168.20.134: ICMP echo reply, id 277, seq 1, length 64
13:11:59.533150 IP 192.168.20.134 > 192.168.20.135: ICMP echo request, id 277, seq 2, length 64
13:11:59.533533 IP 192.168.20.135 > 192.168.20.134: ICMP echo reply, id 277, seq 2, length 64
13:12:00.542156 IP 192.168.20.134 > 192.168.20.135: ICMP echo request, id 277, seq 3, length 64
13:12:00.542576 IP 192.168.20.135 > 192.168.20.134: ICMP echo reply, id 277, seq 3, length 64
13:12:02.998168 IP 192.168.20.1.52848 > 239.255.255.250.1900: UDP, length 275
13:12:08.002257 IP 192.168.20.1.52848 > 239.255.255.250.1900: UDP, length 275

